<?xml version="1.0" encoding="UTF-8"?>
<!-- Generated by org.testng.reporters.JUnitReportReporter -->
<testsuite hostname="IND-MHP1DW70286" name="com.mastek.MastekBlanket.testscripts.TC001_Login" tests="1" failures="0" timestamp="26 Jul 2017 10:57:27 GMT" time="12.556" errors="0">
  <testcase name="login" time="12.556" classname="com.mastek.MastekBlanket.testscripts.TC001_Login"/>
</testsuite> <!-- com.mastek.MastekBlanket.testscripts.TC001_Login -->
